Making check in .
make[1]: Entering directory '/home/rpmbuilder/rpmbuild/BUILD/pkg-config-0.29.2'
make[1]: Leaving directory '/home/rpmbuilder/rpmbuild/BUILD/pkg-config-0.29.2'
Making check in check
make[1]: Entering directory '/home/rpmbuilder/rpmbuild/BUILD/pkg-config-0.29.2/check'
make  check-TESTS
make[2]: Entering directory '/home/rpmbuilder/rpmbuild/BUILD/pkg-config-0.29.2/check'
PASS: check-cflags
PASS: check-libs
PASS: check-mixed-flags
PASS: check-non-l-flags
PASS: check-define-variable
PASS: check-libs-private
PASS: check-requires-private
PASS: check-circular-requires
PASS: check-includedir
PASS: check-conflicts
PASS: check-missing
PASS: check-special-flags
PASS: check-sort-order
PASS: check-duplicate-flags
PASS: check-whitespace
PASS: check-cmd-options
PASS: check-version
PASS: check-requires-version
../pkg-config --list-all :
'sub1   Subdirectory package 1 - Test package 1 for subdirectory
broken Broken package - Module with broken .pc file
sub2   Subdirectory package 2 - Test package 2 for subdirectory' != 'sub1   Subdirectory package 1 - Test package 1 for subdirectory
sub2   Subdirectory package 2 - Test package 2 for subdirectory
broken Broken package - Module with broken .pc file'
FAIL: check-print-options
PASS: check-path
PASS: check-sysroot
PASS: check-uninstalled
PASS: check-debug
PASS: check-gtk
PASS: check-tilde
PASS: check-relocatable
PASS: check-variable-override
PASS: check-variables
PASS: check-dependencies
PASS: check-system-flags
==============================================================================
1 of 30 tests failed
Please report to https://bugs.freedesktop.org/enter_bug.cgi?product=pkg-config
==============================================================================
make[2]: *** [Makefile:424: check-TESTS] Error 1
make[2]: Leaving directory '/home/rpmbuilder/rpmbuild/BUILD/pkg-config-0.29.2/check'
make[1]: *** [Makefile:547: check-am] Error 2
make[1]: Leaving directory '/home/rpmbuilder/rpmbuild/BUILD/pkg-config-0.29.2/check'
make: *** [Makefile:706: check-recursive] Error 1
